<?xml version="1.0" encoding="UTF-8"?>
<!-- Generated by org.testng.reporters.JUnitXMLReporter -->
<testsuite hostname="Alexanders-MacBook-Pro-3.local" name="Command line test" tests="3" failures="1" timestamp="3 Jun 2016 15:36:21 GMT" time="0.336" errors="0">
  <testcase name="whenGets2xBigger_thenHasGrown" time="0.314" classname="com.testNG.animals.AnimalTest">
    <failure type="java.lang.NullPointerException">
      <![CDATA[java.lang.NullPointerException
	at com.testNG.animals.Animal.didGrow(Animal.java:22)
	at com.testNG.animals.AnimalTest.whenGets2xBigger_thenHasGrown(AnimalTest.java:47)
... Removed 34 stack frames]]>
    </failure>
  </testcase> <!-- whenGets2xBigger_thenHasGrown -->
  <testcase name="whenGetsBigger_thenHasGottenBigger" time="0.003" classname="com.testNG.animals.AnimalTest"/>
  <testcase name="whenGetsSmaller_thenNothingHappens" time="0.0" classname="com.testNG.animals.AnimalTest"/>
</testsuite> <!-- Command line test -->
