<?xml version="1.0" encoding="UTF-8"?>
<!-- Generated by org.testng.reporters.JUnitXMLReporter -->
<testsuite hostname="Alexanders-MacBook-Pro-3.local" name="Command line test" tests="3" failures="0" timestamp="3 Jun 2016 14:45:34 GMT" time="0.04" errors="0">
  <testcase name="test1" time="0.01" classname="com.testNG.animals.AnimalTest"/>
  <testcase name="exampleOfTestNgMaven" time="0.006" classname="com.javacodegeeks.testng.maven.TestNgMavenExample"/>
  <testcase name="oneMoreTest" time="0.005" classname="com.javacodegeeks.testng.maven.TestNgMavenSecondClass"/>
</testsuite> <!-- Command line test -->
