-------------------------------------------------------------------------------
Test set: TestSuite
-------------------------------------------------------------------------------
Tests run: 3, Failures: 1, Errors: 0, Skipped: 0, Time elapsed: 1.103 sec <<< FAILURE!
whenGets2xBigger_thenHasGrown(com.testNG.animals.AnimalTest)  Time elapsed: 0.317 sec  <<< FAILURE!
java.lang.NullPointerException
	at com.testNG.animals.Animal.didGrow(Animal.java:22)
	at com.testNG.animals.AnimalTest.whenGets2xBigger_thenHasGrown(AnimalTest.java:47)

